<?xml version="1.0" encoding="UTF-8"?>
<!-- Generated by org.testng.reporters.JUnitXMLReporter -->
<testsuite ignored="0" hostname="DESKTOP-LT2J94K" failures="0" tests="5" name="Default test" time="0.078" errors="0" timestamp="2025-05-31T19:21:15 IST">
  <testcase classname="testngg_1.Amazon" name="a" time="0.009"/>
  <testcase classname="testngg_1.Amazon" name="alogin" time="0.004"/>
  <testcase classname="testngg_1.Amazon" name="alogin" time="0.001"/>
  <testcase classname="testngg_1.Amazon" name="alogin" time="0.001"/>
  <testcase classname="testngg_1.Amazon" name="homepage" time="0.002"/>
</testsuite> <!-- Default test -->
