<?xml version="1.0" encoding="UTF-8"?>
<!-- Generated by org.testng.reporters.JUnitXMLReporter -->
<testsuite ignored="2" hostname="DESKTOP-LT2J94K" failures="0" tests="6" name="Test" time="0.076" errors="0" timestamp="2025-05-31T20:43:24 IST">
  <testcase classname="testngg.Practice1" name="test2" time="0.015"/>
  <testcase classname="testngg.Practice2" name="test3" time="0.001"/>
  <testcase classname="testngg.Practice2" name="test4" time="0.0"/>
  <testcase classname="testngg.Practice2" name="test5" time="0.001"/>
  <testcase classname="testngg.Practice3" name="test6" time="0.002"/>
  <testcase classname="testngg.Practice3" name="test8" time="0.002"/>
  <testcase classname="testngg.Practice1" name="test1" time="0.0">
    <ignored/>
  </testcase> <!-- test1 -->
  <testcase classname="testngg.Practice3" name="test7" time="0.0">
    <ignored/>
  </testcase> <!-- test7 -->
</testsuite> <!-- Test -->
